{
  "stats": {
    "suites": 1,
    "tests": 1,
    "passes": 1,
    "pending": 0,
    "failures": 0,
    "start": "2020-02-02T19:05:29.887Z",
    "end": "2020-02-02T19:05:42.963Z",
    "duration": 13076,
    "testsRegistered": 1,
    "passPercent": 100,
    "pendingPercent": 0,
    "other": 0,
    "hasOther": false,
    "skipped": 0,
    "hasSkipped": false
  },
  "results": [
    {
      "uuid": "ae3bb99c-a9c8-458f-9a61-779eada3fb9b",
      "title": "",
      "fullFile": "",
      "file": "",
      "beforeHooks": [],
      "afterHooks": [],
      "tests": [],
      "suites": [
        {
          "uuid": "8595a946-9ba6-427c-a60b-4b03bd168616",
          "title": "My testing framework",
          "fullFile": "",
          "file": "",
          "beforeHooks": [],
          "afterHooks": [],
          "tests": [
            {
              "title": "tests Angular webpage",
              "fullTitle": "My testing framework tests Angular webpage",
              "timedOut": null,
              "duration": 10291,
              "state": "passed",
              "speed": "slow",
              "pass": true,
              "fail": false,
              "pending": false,
              "context": null,
              "code": "cy.visit('https://rahulshettyacademy.com/angularpractice/');\ncy.url().should('include', 'angularpractice');\ncy.get('input[name=\"name\"]:nth-child(2)').type(this.data.name);\ncy.get('select').select(this.data.gender).should('have.value', this.data.gender);\ncy.get('#inlineRadio3').should('be.disabled'); // cy.contains('Shop').click()\ncy.get('a.nav-link').eq(1).click();\ncy.url().should('include', 'angularpractice/shop');\nthis.data.productName.forEach(function (element) {\n  cy.selectProduct(element);\n});\ncy.get('.nav-link.btn.btn-primary').click();\nvar sum = 0;\ncy.get('tr td:nth-child(4) strong').each(function ($el, index, $list) {\n  var elText = $el.text(); //cy.log(elText)\n  var res = elText.split(\" \");\n  res = res[1].trim();\n  sum = Number(sum) + Number(res);\n}).then(function () {\n  cy.log(sum);\n});\ncy.get('h3 strong').then(function (element) {\n  var totalAmount = element.text();\n  var total = totalAmount.split(\" \");\n  total = total[1].trim();\n  expect(Number(total)).to.eq(sum);\n});\ncy.get('.btn.btn-success').click();\nCypress.config('defaultCommandTimeout:', 80000);\ncy.get('#country').type('India');\ncy.get('.suggestions > ul > li > a').click();\ncy.get('#checkbox2').check({\n  force: true\n});\ncy.get('input[value=\"Purchase\"]').click(); // cy.get('div.alert.alert-success.alert-dismissible').should('contain', 'Success')\ncy.get('.alert').then(function (element) {\n  var elemText = element.text();\n  expect(elemText.includes('Success')).to.be.true;\n});",
              "err": {},
              "uuid": "54d979b6-3dab-47e7-837e-1e7c480bbfc6",
              "parentUUID": "8595a946-9ba6-427c-a60b-4b03bd168616",
              "isHook": false,
              "skipped": false
            }
          ],
          "suites": [],
          "passes": [
            "54d979b6-3dab-47e7-837e-1e7c480bbfc6"
          ],
          "failures": [],
          "pending": [],
          "skipped": [],
          "duration": 10291,
          "root": false,
          "rootEmpty": false,
          "_timeout": 2000
        }
      ],
      "passes": [],
      "failures": [],
      "pending": [],
      "skipped": [],
      "duration": 0,
      "root": true,
      "rootEmpty": true,
      "_timeout": 2000
    }
  ],
  "meta": {
    "mocha": {
      "version": "5.2.0"
    },
    "mochawesome": {
      "options": {
        "quiet": false,
        "reportFilename": "mochawesome",
        "saveHtml": true,
        "saveJson": true,
        "consoleReporter": "spec",
        "useInlineDiffs": false
      },
      "version": "4.1.0"
    },
    "marge": {
      "options": {},
      "version": "4.1.0"
    }
  }
}