{
  "stats": {
    "suites": 1,
    "tests": 1,
    "passes": 1,
    "pending": 0,
    "failures": 0,
    "start": "2020-03-16T06:56:47.592Z",
    "end": "2020-03-16T06:56:48.491Z",
    "duration": 899,
    "testsRegistered": 1,
    "passPercent": 100,
    "pendingPercent": 0,
    "other": 0,
    "hasOther": false,
    "skipped": 0,
    "hasSkipped": false
  },
  "results": [
    {
      "uuid": "5514620a-6b96-4540-add2-caf1c3d6ed6d",
      "title": "",
      "fullFile": "cypress/integration/VisitUrl.js",
      "file": "cypress/integration/VisitUrl.js",
      "beforeHooks": [],
      "afterHooks": [],
      "tests": [],
      "suites": [
        {
          "uuid": "55efc1f3-ded9-4b80-8f28-3320997b8c21",
          "title": "My basic Test Suite",
          "fullFile": "",
          "file": "",
          "beforeHooks": [],
          "afterHooks": [],
          "tests": [
            {
              "title": "visit the wep page",
              "fullTitle": "My basic Test Suite visit the wep page",
              "timedOut": null,
              "duration": 844,
              "state": "passed",
              "speed": "slow",
              "pass": true,
              "fail": false,
              "pending": false,
              "context": null,
              "code": "cy.visit('/'); //console log\ncy.url().then(function (url) {\n  return cy.log(url);\n}); //check url\ncy.url().should('include', 'example.com'); //check page title\ncy.title().should('eq', 'Example Domain'); //check page content\ncy.get('h1').should('contain', 'Example Domain');\ncy.get('h1').should('be.visible'); //using aliasing\ncy.get('h1').as('pageContent');\ncy.get('@pageContent').should('contain', 'Example Domain');\ncy.get('@pageContent').should('be.visible');",
              "err": {},
              "uuid": "cc7b08a8-e79e-4d82-a64d-8abd879b1b64",
              "parentUUID": "55efc1f3-ded9-4b80-8f28-3320997b8c21",
              "isHook": false,
              "skipped": false
            }
          ],
          "suites": [],
          "passes": [
            "cc7b08a8-e79e-4d82-a64d-8abd879b1b64"
          ],
          "failures": [],
          "pending": [],
          "skipped": [],
          "duration": 844,
          "root": false,
          "rootEmpty": false,
          "_timeout": 2000
        }
      ],
      "passes": [],
      "failures": [],
      "pending": [],
      "skipped": [],
      "duration": 0,
      "root": true,
      "rootEmpty": true,
      "_timeout": 2000
    }
  ],
  "meta": {
    "mocha": {
      "version": "5.2.0"
    },
    "mochawesome": {
      "options": {
        "quiet": false,
        "reportFilename": "mochawesome",
        "saveHtml": true,
        "saveJson": true,
        "consoleReporter": "spec",
        "useInlineDiffs": false
      },
      "version": "4.1.0"
    },
    "marge": {
      "options": {},
      "version": "4.1.0"
    }
  }
}